Sat Oct 13 2018 11:03:11 GMT+0100 (BST): GET /
Sat Oct 13 2018 11:17:28 GMT+0100 (BST): GET /
Sat Oct 13 2018 11:18:33 GMT+0100 (BST): GET /about
Sat Oct 13 2018 11:18:38 GMT+0100 (BST): GET /home
Sat Oct 13 2018 11:18:48 GMT+0100 (BST): GET /bob
Sat Oct 13 2018 11:20:35 GMT+0100 (BST): GET /bob
Sat Oct 13 2018 11:20:50 GMT+0100 (BST): GET /bob
Sat Oct 13 2018 11:23:44 GMT+0100 (BST): GET /bob
Sat Oct 13 2018 11:23:52 GMT+0100 (BST): GET /bob
Sat Oct 13 2018 11:26:28 GMT+0100 (BST): GET /bob
Sat Oct 13 2018 11:27:24 GMT+0100 (BST): GET /bob
Sat Oct 13 2018 11:28:15 GMT+0100 (BST): GET /bob
Sat Oct 13 2018 11:28:43 GMT+0100 (BST): GET /bob
Sat Oct 13 2018 11:28:51 GMT+0100 (BST): GET /bob
Sat Oct 13 2018 11:28:53 GMT+0100 (BST): GET /bob
Sat Oct 13 2018 11:29:02 GMT+0100 (BST): GET /bob
Sat Oct 13 2018 11:29:15 GMT+0100 (BST): GET /bob
Sat Oct 13 2018 11:29:23 GMT+0100 (BST): GET /bob
Sat Oct 13 2018 11:31:49 GMT+0100 (BST): GET /bob
Sat Oct 13 2018 11:31:54 GMT+0100 (BST): GET /
Sat Oct 13 2018 11:34:03 GMT+0100 (BST): GET /help.html
Sat Oct 13 2018 11:34:14 GMT+0100 (BST): GET /help.html
Sat Oct 13 2018 12:46:50 GMT+0100 (BST): GET /
Sat Oct 13 2018 12:46:55 GMT+0100 (BST): GET /projects
Sat Oct 13 2018 12:47:07 GMT+0100 (BST): GET /
Sat Oct 13 2018 12:47:09 GMT+0100 (BST): GET /about
Sat Oct 13 2018 12:47:10 GMT+0100 (BST): GET /projects
Sat Oct 13 2018 12:48:25 GMT+0100 (BST): GET /projects
Sat Oct 13 2018 12:49:09 GMT+0100 (BST): GET /projects
Sat Oct 13 2018 12:49:20 GMT+0100 (BST): GET /projects
Sat Oct 13 2018 12:49:22 GMT+0100 (BST): GET /projects
Sat Oct 13 2018 12:49:23 GMT+0100 (BST): GET /about
Sat Oct 13 2018 12:49:23 GMT+0100 (BST): GET /
Sat Oct 13 2018 12:49:24 GMT+0100 (BST): GET /projects
Sat Oct 13 2018 12:49:25 GMT+0100 (BST): GET /about
Sat Oct 13 2018 12:49:26 GMT+0100 (BST): GET /
Sat Oct 13 2018 12:49:58 GMT+0100 (BST): GET /
Sat Oct 13 2018 12:50:12 GMT+0100 (BST): GET /
Sat Oct 13 2018 12:50:15 GMT+0100 (BST): GET /about
Sat Oct 13 2018 12:50:16 GMT+0100 (BST): GET /projects
Sat Oct 13 2018 12:52:13 GMT+0100 (BST): GET /projects
Sat Oct 13 2018 12:53:14 GMT+0100 (BST): GET /projects
Sat Oct 13 2018 12:53:16 GMT+0100 (BST): GET /projects
Sat Oct 13 2018 12:53:18 GMT+0100 (BST): GET /projects
Sat Oct 13 2018 12:53:49 GMT+0100 (BST): GET /projects
Sat Oct 13 2018 12:53:51 GMT+0100 (BST): GET /projects
Sat Oct 13 2018 12:53:52 GMT+0100 (BST): GET /about
Sat Oct 13 2018 12:53:54 GMT+0100 (BST): GET /projects
Sat Oct 13 2018 12:55:45 GMT+0100 (BST): GET /projects
Sat Oct 13 2018 12:56:53 GMT+0100 (BST): GET /projects
Sat Oct 13 2018 12:57:02 GMT+0100 (BST): GET /about
Sat Oct 13 2018 12:57:04 GMT+0100 (BST): GET /
Sat Oct 13 2018 12:57:04 GMT+0100 (BST): GET /about
Sat Oct 13 2018 12:57:05 GMT+0100 (BST): GET /projects
Sat Oct 13 2018 12:57:39 GMT+0100 (BST): GET /projects
Sat Oct 13 2018 12:57:42 GMT+0100 (BST): GET /projects
Sat Oct 13 2018 12:57:52 GMT+0100 (BST): GET /
Sat Oct 13 2018 12:57:55 GMT+0100 (BST): GET /projects
